1598597414.844085 client started (16900): version 2.6, socket /tmp/tmux-1000/default, protocol 8
1598597414.844148 on Linux 5.4.0-42-generic #46~18.04.1-Ubuntu SMP Fri Jul 10 07:21:24 UTC 2020; libevent 2.1.8-stable (poll)
1598597414.844194 socket is /tmp/tmux-1000/default
1598597414.844217 trying connect
1598597414.844376 add peer 0x558845aeae90: 6 ((nil))
1598597414.844503 sending message 100 to peer 0x558845aeae90 (4 bytes)
1598597414.844557 sending message 101 to peer 0x558845aeae90 (16 bytes)
1598597414.844560 sending message 102 to peer 0x558845aeae90 (11 bytes)
1598597414.844561 sending message 108 to peer 0x558845aeae90 (40 bytes)
1598597414.844564 sending message 104 to peer 0x558845aeae90 (0 bytes)
1598597414.844591 sending message 107 to peer 0x558845aeae90 (4 bytes)
1598597414.844593 sending message 105 to peer 0x558845aeae90 (22 bytes)
1598597414.844595 sending message 105 to peer 0x558845aeae90 (68 bytes)
1598597414.844597 sending message 105 to peer 0x558845aeae90 (20 bytes)
1598597414.844615 sending message 105 to peer 0x558845aeae90 (26 bytes)
1598597414.844617 sending message 105 to peer 0x558845aeae90 (54 bytes)
1598597414.844619 sending message 105 to peer 0x558845aeae90 (51 bytes)
1598597414.844621 sending message 105 to peer 0x558845aeae90 (23 bytes)
1598597414.844623 sending message 105 to peer 0x558845aeae90 (11 bytes)
1598597414.844638 sending message 105 to peer 0x558845aeae90 (11 bytes)
1598597414.844640 sending message 105 to peer 0x558845aeae90 (62 bytes)
1598597414.844641 sending message 105 to peer 0x558845aeae90 (52 bytes)
1598597414.844643 sending message 105 to peer 0x558845aeae90 (39 bytes)
1598597414.844659 sending message 105 to peer 0x558845aeae90 (18 bytes)
1598597414.844661 sending message 105 to peer 0x558845aeae90 (24 bytes)
1598597414.844663 sending message 105 to peer 0x558845aeae90 (33 bytes)
1598597414.844665 sending message 105 to peer 0x558845aeae90 (44 bytes)
1598597414.844667 sending message 105 to peer 0x558845aeae90 (32 bytes)
1598597414.844668 sending message 105 to peer 0x558845aeae90 (86 bytes)
1598597414.844670 sending message 105 to peer 0x558845aeae90 (29 bytes)
1598597414.844672 sending message 105 to peer 0x558845aeae90 (52 bytes)
1598597414.844674 sending message 105 to peer 0x558845aeae90 (20 bytes)
1598597414.844675 sending message 105 to peer 0x558845aeae90 (28 bytes)
1598597414.844677 sending message 105 to peer 0x558845aeae90 (61 bytes)
1598597414.844679 sending message 105 to peer 0x558845aeae90 (46 bytes)
1598597414.844681 sending message 105 to peer 0x558845aeae90 (17 bytes)
1598597414.844682 sending message 105 to peer 0x558845aeae90 (18 bytes)
1598597414.844684 sending message 105 to peer 0x558845aeae90 (17 bytes)
1598597414.844691 sending message 105 to peer 0x558845aeae90 (23 bytes)
1598597414.844693 sending message 105 to peer 0x558845aeae90 (30 bytes)
1598597414.844695 sending message 105 to peer 0x558845aeae90 (27 bytes)
1598597414.844697 sending message 105 to peer 0x558845aeae90 (24 bytes)
1598597414.844699 sending message 105 to peer 0x558845aeae90 (20 bytes)
1598597414.844700 sending message 105 to peer 0x558845aeae90 (23 bytes)
1598597414.844702 sending message 105 to peer 0x558845aeae90 (21 bytes)
1598597414.844704 sending message 105 to peer 0x558845aeae90 (25 bytes)
1598597414.844706 sending message 105 to peer 0x558845aeae90 (20 bytes)
1598597414.844708 sending message 105 to peer 0x558845aeae90 (194 bytes)
1598597414.844710 sending message 105 to peer 0x558845aeae90 (8 bytes)
1598597414.844711 sending message 105 to peer 0x558845aeae90 (14 bytes)
1598597414.844713 sending message 105 to peer 0x558845aeae90 (32 bytes)
1598597414.844715 sending message 105 to peer 0x558845aeae90 (1516 bytes)
1598597414.844717 sending message 105 to peer 0x558845aeae90 (54 bytes)
1598597414.844719 sending message 105 to peer 0x558845aeae90 (16 bytes)
1598597414.844721 sending message 105 to peer 0x558845aeae90 (25 bytes)
1598597414.844723 sending message 105 to peer 0x558845aeae90 (42 bytes)
1598597414.844725 sending message 105 to peer 0x558845aeae90 (46 bytes)
1598597414.844730 sending message 105 to peer 0x558845aeae90 (16 bytes)
1598597414.844732 sending message 105 to peer 0x558845aeae90 (47 bytes)
1598597414.844734 sending message 105 to peer 0x558845aeae90 (11 bytes)
1598597414.844735 sending message 105 to peer 0x558845aeae90 (617 bytes)
1598597414.844737 sending message 105 to peer 0x558845aeae90 (240 bytes)
1598597414.844739 sending message 105 to peer 0x558845aeae90 (44 bytes)
1598597414.844741 sending message 105 to peer 0x558845aeae90 (117 bytes)
1598597414.844743 sending message 105 to peer 0x558845aeae90 (58 bytes)
1598597414.844745 sending message 105 to peer 0x558845aeae90 (20 bytes)
1598597414.844747 sending message 105 to peer 0x558845aeae90 (19 bytes)
1598597414.844749 sending message 105 to peer 0x558845aeae90 (19 bytes)
1598597414.844750 sending message 105 to peer 0x558845aeae90 (16 bytes)
1598597414.844752 sending message 105 to peer 0x558845aeae90 (26 bytes)
1598597414.844754 sending message 105 to peer 0x558845aeae90 (79 bytes)
1598597414.844756 sending message 105 to peer 0x558845aeae90 (19 bytes)
1598597414.844758 sending message 105 to peer 0x558845aeae90 (37 bytes)
1598597414.844759 sending message 105 to peer 0x558845aeae90 (23 bytes)
1598597414.844761 sending message 105 to peer 0x558845aeae90 (21 bytes)
1598597414.844763 sending message 105 to peer 0x558845aeae90 (38 bytes)
1598597414.844765 sending message 105 to peer 0x558845aeae90 (71 bytes)
1598597414.844767 sending message 105 to peer 0x558845aeae90 (21 bytes)
1598597414.844768 sending message 105 to peer 0x558845aeae90 (36 bytes)
1598597414.844770 sending message 105 to peer 0x558845aeae90 (30 bytes)
1598597414.844772 sending message 105 to peer 0x558845aeae90 (14 bytes)
1598597414.844774 sending message 105 to peer 0x558845aeae90 (114 bytes)
1598597414.844776 sending message 105 to peer 0x558845aeae90 (19 bytes)
1598597414.844778 sending message 105 to peer 0x558845aeae90 (8 bytes)
1598597414.844780 sending message 105 to peer 0x558845aeae90 (19 bytes)
1598597414.844782 sending message 105 to peer 0x558845aeae90 (41 bytes)
1598597414.844783 sending message 105 to peer 0x558845aeae90 (58 bytes)
1598597414.844785 sending message 105 to peer 0x558845aeae90 (53 bytes)
1598597414.844787 sending message 105 to peer 0x558845aeae90 (21 bytes)
1598597414.844789 sending message 105 to peer 0x558845aeae90 (21 bytes)
1598597414.844791 sending message 105 to peer 0x558845aeae90 (33 bytes)
1598597414.844792 sending message 105 to peer 0x558845aeae90 (35 bytes)
1598597414.844794 sending message 105 to peer 0x558845aeae90 (13 bytes)
1598597414.844796 sending message 105 to peer 0x558845aeae90 (41 bytes)
1598597414.844798 sending message 105 to peer 0x558845aeae90 (11 bytes)
1598597414.844800 sending message 105 to peer 0x558845aeae90 (15 bytes)
1598597414.844801 sending message 105 to peer 0x558845aeae90 (17 bytes)
1598597414.844803 sending message 105 to peer 0x558845aeae90 (13 bytes)
1598597414.844805 sending message 105 to peer 0x558845aeae90 (41 bytes)
1598597414.844807 sending message 105 to peer 0x558845aeae90 (45 bytes)
1598597414.844809 sending message 105 to peer 0x558845aeae90 (33 bytes)
1598597414.844811 sending message 105 to peer 0x558845aeae90 (85 bytes)
1598597414.844813 sending message 105 to peer 0x558845aeae90 (23 bytes)
1598597414.844814 sending message 105 to peer 0x558845aeae90 (31 bytes)
1598597414.844816 sending message 105 to peer 0x558845aeae90 (15 bytes)
1598597414.844818 sending message 105 to peer 0x558845aeae90 (27 bytes)
1598597414.844820 sending message 105 to peer 0x558845aeae90 (17 bytes)
1598597414.844822 sending message 105 to peer 0x558845aeae90 (21 bytes)
1598597414.844823 sending message 105 to peer 0x558845aeae90 (11 bytes)
1598597414.844825 sending message 105 to peer 0x558845aeae90 (21 bytes)
1598597414.844829 sending message 105 to peer 0x558845aeae90 (27 bytes)
1598597414.844830 sending message 105 to peer 0x558845aeae90 (16 bytes)
1598597414.844832 sending message 105 to peer 0x558845aeae90 (55 bytes)
1598597414.844834 sending message 105 to peer 0x558845aeae90 (57 bytes)
1598597414.844837 sending message 105 to peer 0x558845aeae90 (16 bytes)
1598597414.844839 sending message 106 to peer 0x558845aeae90 (0 bytes)
1598597414.844841 sending message 200 to peer 0x558845aeae90 (4 bytes)
1598597414.844843 client loop enter
1598597414.845118 peer 0x558845aeae90 message 211
1598597414.845127 peer 0x558845aeae90 message 203
1598597414.845149 client loop exit
